<?xml version="1.0" encoding="UTF-8"?>
<!-- Generated by org.testng.reporters.JUnitReportReporter -->
<testsuite hostname="Bismillah-Riz" failures="0" tests="3" name="ItEdgeProjectIn1Maven.ItEdgeProjectIn1Maven_ArtifactID.CanadianTireUnderTest" time="75.086" errors="0" timestamp="2023-06-24T08:22:42 CST" skipped="0">
  <testcase classname="ItEdgeProjectIn1Maven.ItEdgeProjectIn1Maven_ArtifactID.CanadianTireUnderTest" name="test2" time="27.553"/>
  <system-out/>
  <testcase classname="ItEdgeProjectIn1Maven.ItEdgeProjectIn1Maven_ArtifactID.CanadianTireUnderTest" name="test3" time="25.338"/>
  <system-out/>
  <testcase classname="ItEdgeProjectIn1Maven.ItEdgeProjectIn1Maven_ArtifactID.CanadianTireUnderTest" name="test1" time="22.195"/>
  <system-out/>
</testsuite> <!-- ItEdgeProjectIn1Maven.ItEdgeProjectIn1Maven_ArtifactID.CanadianTireUnderTest -->
